0.20683000000013646 0.11868500000004831 0.027855000000003193 0.006694999999999811 0.02275500000000163 0.021925000000001377 0.020545000000000955 0.020290000000000877 0.020255000000000866 0.007929999999999762 0.0439749999999993 0.03667500000000213 0.061654999999992445 0.05844999999999369 0.06654999999999617 0.050869999999996626 0.06415999999999378 0.06262999999999225 0.04189000000000011 0.03938000000000108 
2023_0224_13:39:47 1 100.0 100.0
2023_0224_13:39:48 1 82.5 100.0
2023_0224_13:39:48 1 81.25 100.0
2023_0224_13:39:48 2 49.75 99.5
2023_0224_13:39:48 2 87.0 29.75
2023_0224_13:39:49 3 50.25 49.5
2023_0224_13:39:49 4 98.5 98.5
2023_0224_13:39:49 5 52.5 50.0
2023_0224_13:39:49 7 64.5 49.75
2023_0224_13:39:49 6 50.0 100.0
2023_0224_13:39:50 6 60.0 75.0
2023_0224_13:39:50 11 -1.75 10.0
2023_0224_13:39:50 8 31.0 22.25
2023_0224_13:39:50 9 27.5 28.75
2023_0224_13:39:50 10 31.0 37.0
2023_0224_13:39:50 11 49.25 81.25
2023_0224_13:39:51 12 49.75 -18.75
2023_0224_13:39:51 13 3.0 -13.0
2023_0224_13:39:51 17 1.75 -2.0
2023_0224_13:39:51 17 -5.25 11.25
2023_0224_13:39:51 13 -49.25 50.25
2023_0224_13:39:51 14 87.5 23.25
2023_0224_13:39:51 15 4.75 -9.0
2023_0224_13:39:51 15 -4.75 -5.0
2023_0224_13:39:51 16 -8.0 2.25
2023_0224_13:39:52 18 20.0 -22.0
2023_0224_13:39:52 18 -8.75 11.25
2023_0224_13:39:52 19 0.0 0.0
2023_0224_13:39:52 20 -2.5 5.25
2023_0224_13:39:52 20 -2.25 -1.75
2023_0224_13:39:55 1 61.25 11.25
2023_0224_13:39:55 1 100.0 41.25
2023_0224_13:39:55 2 49.75 32.25
2023_0224_13:39:56 2 87.0 72.5
2023_0224_13:39:56 2 49.75 49.75
2023_0224_13:39:56 2 23.5 41.0
2023_0224_13:39:56 3 80.25 49.5
2023_0224_13:39:57 4 38.0 98.5
2023_0224_13:39:57 5 40.0 82.5
2023_0224_13:39:57 6 50.0 75.0
2023_0224_13:39:57 7 65.0 31.0
2023_0224_13:39:57 8 22.25 49.75
2023_0224_13:39:57 9 40.75 17.75
2023_0224_13:39:57 10 99.5 99.5
2023_0224_13:39:58 11 99.5 49.75
2023_0224_13:39:58 11 0.25 -3.5
2023_0224_13:39:58 11 49.5 86.5
2023_0224_13:39:58 11 7.5 0.25
2023_0224_13:39:58 11 1.0 4.5
2023_0224_13:39:58 12 -18.75 16.5
2023_0224_13:39:59 13 61.75 99.5
2023_0224_13:39:59 20 31.5 61.5
2023_0224_13:39:59 14 100.0 50.0
2023_0224_13:39:59 15 100.0 49.25
2023_0224_13:39:59 15 -17.5 17.5
2023_0224_13:39:59 16 -4.25 5.0
2023_0224_13:39:59 17 2.0 5.0
2023_0224_13:39:59 18 80.0 56.25
2023_0224_13:39:59 20 51.75 -49.75
2023_0224_13:40:02 1 28.75 100.0
2023_0224_13:40:03 1 50.0 100.0
2023_0224_13:40:03 1 30.0 37.5
2023_0224_13:40:03 1 82.5 33.75
2023_0224_13:40:04 1 50.0 50.0
2023_0224_13:40:04 2 49.75 99.5
2023_0224_13:40:04 2 99.5 49.75
2023_0224_13:40:05 2 77.0 37.25
2023_0224_13:40:05 2 99.5 99.5
2023_0224_13:40:05 5 21.25 43.75
2023_0224_13:40:05 3 49.5 28.25
2023_0224_13:40:05 8 69.25 81.0
2023_0224_13:40:05 4 62.25 49.25
2023_0224_13:40:05 7 50.0 69.25
2023_0224_13:40:05 6 100.0 37.5
2023_0224_13:40:06 8 49.5 87.25
2023_0224_13:40:06 12 -3.25 -4.5
2023_0224_13:40:06 10 54.5 23.5
2023_0224_13:40:07 9 55.0 52.5
2023_0224_13:40:07 11 -9.25 8.0
2023_0224_13:40:07 11 -1.0 5.5
2023_0224_13:40:07 12 99.75 70.5
2023_0224_13:40:07 13 1.5 20.25
2023_0224_13:40:08 13 8.5 -6.5
2023_0224_13:40:08 13 29.0 72.0
2023_0224_13:40:08 13 -50.0 49.75
2023_0224_13:40:08 14 1.25 5.0
2023_0224_13:40:08 15 -3.0 13.0
2023_0224_13:40:08 15 98.5 35.5
2023_0224_13:40:08 15 -49.25 49.5
2023_0224_13:40:09 17 38.75 32.5
2023_0224_13:40:09 15 -6.75 6.25
2023_0224_13:40:09 16 11.25 -9.0
2023_0224_13:40:09 18 -22.5 14.0
2023_0224_13:40:09 19 -2.75 -3.0
2023_0224_13:40:09 18 -70.75 73.25
2023_0224_13:40:09 18 0.0 -5.75
2023_0224_13:40:09 19 14.5 -5.75
2023_0224_13:40:09 20 60.75 1.5
2023_0224_13:40:09 20 -5.75 1.0
